[debug] [2025-06-18T23:12:01.182Z] ----------------------------------------------------------------------
[debug] [2025-06-18T23:12:01.190Z] Command:       /usr/local/bin/firebase /Users/humanfriend22/.cache/firebase/tools/lib/node_modules/firebase-tools/lib/bin/firebase emulators:start
[debug] [2025-06-18T23:12:01.191Z] CLI Version:   14.7.0
[debug] [2025-06-18T23:12:01.191Z] Platform:      darwin
[debug] [2025-06-18T23:12:01.191Z] Node Version:  v20.18.2
[debug] [2025-06-18T23:12:01.192Z] Time:          Wed Jun 18 2025 16:12:01 GMT-0700 (Pacific Daylight Time)
[debug] [2025-06-18T23:12:01.192Z] ----------------------------------------------------------------------
[debug] 
[debug] [2025-06-18T23:12:01.442Z] > command requires scopes: ["email","openid","https://www.googleapis.com/auth/cloudplatformprojects.readonly","https://www.googleapis.com/auth/firebase","https://www.googleapis.com/auth/cloud-platform"]
[debug] [2025-06-18T23:12:01.443Z] > authorizing via signed-in user (humanfriend22@gmail.com)
[debug] [2025-06-18T23:12:01.691Z] java version "17.0.12" 2024-07-16 LTS

[debug] [2025-06-18T23:12:01.693Z] Java(TM) SE Runtime Environment (build 17.0.12+8-LTS-286)
Java HotSpot(TM) 64-Bit Server VM (build 17.0.12+8-LTS-286, mixed mode, sharing)

[debug] [2025-06-18T23:12:01.701Z] Parsed Java major version: 17
[info] i  emulators: Starting emulators: auth, functions, firestore, hosting, extensions {"metadata":{"emulator":{"name":"hub"},"message":"Starting emulators: auth, functions, firestore, hosting, extensions"}}
[debug] [2025-06-18T23:12:01.707Z] Checked if tokens are valid: false, expires at: 1750288101387
[debug] [2025-06-18T23:12:01.708Z] Checked if tokens are valid: false, expires at: 1750288101387
[debug] [2025-06-18T23:12:01.708Z] > refreshing access token with scopes: []
[debug] [2025-06-18T23:12:01.710Z] >>> [apiv2][query] POST https://www.googleapis.com/oauth2/v3/token [none]
[debug] [2025-06-18T23:12:01.711Z] >>> [apiv2][body] POST https://www.googleapis.com/oauth2/v3/token [omitted]
[debug] [2025-06-18T23:12:02.009Z] <<< [apiv2][status] POST https://www.googleapis.com/oauth2/v3/token 200
[debug] [2025-06-18T23:12:02.010Z] <<< [apiv2][body] POST https://www.googleapis.com/oauth2/v3/token [omitted]
[debug] [2025-06-18T23:12:02.029Z] >>> [apiv2][query] GET https://serviceusage.googleapis.com/v1/projects/gael-force-robotics-hf/services/cloudresourcemanager.googleapis.com [none]
[debug] [2025-06-18T23:12:02.029Z] >>> [apiv2][(partial)header] GET https://serviceusage.googleapis.com/v1/projects/gael-force-robotics-hf/services/cloudresourcemanager.googleapis.com x-goog-quota-user=projects/gael-force-robotics-hf
[debug] [2025-06-18T23:12:02.553Z] <<< [apiv2][status] GET https://serviceusage.googleapis.com/v1/projects/gael-force-robotics-hf/services/cloudresourcemanager.googleapis.com 200
[debug] [2025-06-18T23:12:02.554Z] <<< [apiv2][body] GET https://serviceusage.googleapis.com/v1/projects/gael-force-robotics-hf/services/cloudresourcemanager.googleapis.com [omitted]
[debug] [2025-06-18T23:12:02.554Z] Checked if tokens are valid: true, expires at: 1750291921010
[debug] [2025-06-18T23:12:02.554Z] Checked if tokens are valid: true, expires at: 1750291921010
[debug] [2025-06-18T23:12:02.554Z] >>> [apiv2][query] GET https://cloudresourcemanager.googleapis.com/v1/projects/gael-force-robotics-hf [none]
[debug] [2025-06-18T23:12:02.792Z] <<< [apiv2][status] GET https://cloudresourcemanager.googleapis.com/v1/projects/gael-force-robotics-hf 200
[debug] [2025-06-18T23:12:02.793Z] <<< [apiv2][body] GET https://cloudresourcemanager.googleapis.com/v1/projects/gael-force-robotics-hf {"projectNumber":"585677099356","projectId":"gael-force-robotics-hf","lifecycleState":"ACTIVE","name":"Gael Force Robotics","labels":{"firebase":"enabled","firebase-core":"disabled"},"createTime":"2025-05-03T02:57:06.801833Z"}
[debug] [2025-06-18T23:12:04.577Z] [logging] Logging Emulator only supports listening on one address (127.0.0.1). Not listening on ::1
[debug] [2025-06-18T23:12:04.578Z] [auth] Authentication Emulator only supports listening on one address (127.0.0.1). Not listening on ::1
[debug] [2025-06-18T23:12:04.578Z] [firestore] Firestore Emulator only supports listening on one address (127.0.0.1). Not listening on ::1
[debug] [2025-06-18T23:12:04.578Z] [firestore.websocket] websocket server for firestore only supports listening on one address (127.0.0.1). Not listening on ::1
[debug] [2025-06-18T23:12:04.578Z] [hosting] Hosting Emulator only supports listening on one address (127.0.0.1). Not listening on ::1
[warn] ⚠  ui: Emulator UI unable to start on port 4000, starting on 4001 instead. {"metadata":{"emulator":{"name":"ui"},"message":"Emulator UI unable to start on port 4000, starting on 4001 instead."}}
[debug] [2025-06-18T23:12:04.580Z] assigned listening specs for emulators {"user":{"hub":[{"address":"127.0.0.1","family":"IPv4","port":4400},{"address":"::1","family":"IPv6","port":4400}],"logging":[{"address":"127.0.0.1","family":"IPv4","port":4500}],"auth":[{"address":"127.0.0.1","family":"IPv4","port":9099}],"firestore":[{"address":"127.0.0.1","family":"IPv4","port":8080}],"firestore.websocket":[{"address":"127.0.0.1","family":"IPv4","port":9150}],"hosting":[{"address":"127.0.0.1","family":"IPv4","port":5002}],"ui":[{"address":"127.0.0.1","family":"IPv4","port":4001},{"address":"::1","family":"IPv6","port":4001}]},"metadata":{"message":"assigned listening specs for emulators"}}
[debug] [2025-06-18T23:12:04.585Z] [hub] writing locator at /var/folders/zl/gwlv8ltx72s061rqsbg9s9wr0000gn/T/hub-gael-force-robotics-hf.json
[debug] [2025-06-18T23:12:04.590Z] [Extensions] Started Extensions emulator, this is a noop.
[debug] [2025-06-18T23:12:05.260Z] [functions] Functions Emulator only supports listening on one address (127.0.0.1). Not listening on ::1
[debug] [2025-06-18T23:12:05.260Z] [eventarc] Eventarc Emulator only supports listening on one address (127.0.0.1). Not listening on ::1
[debug] [2025-06-18T23:12:05.260Z] [tasks] Cloud Tasks Emulator only supports listening on one address (127.0.0.1). Not listening on ::1
[debug] [2025-06-18T23:12:05.260Z] late-assigned ports for functions and eventarc emulators {"user":{"hub":[{"address":"127.0.0.1","family":"IPv4","port":4400},{"address":"::1","family":"IPv6","port":4400}],"logging":[{"address":"127.0.0.1","family":"IPv4","port":4500}],"auth":[{"address":"127.0.0.1","family":"IPv4","port":9099}],"firestore":[{"address":"127.0.0.1","family":"IPv4","port":8080}],"firestore.websocket":[{"address":"127.0.0.1","family":"IPv4","port":9150}],"hosting":[{"address":"127.0.0.1","family":"IPv4","port":5002}],"ui":[{"address":"127.0.0.1","family":"IPv4","port":4001},{"address":"::1","family":"IPv6","port":4001}],"functions":[{"address":"127.0.0.1","family":"IPv4","port":5001}],"eventarc":[{"address":"127.0.0.1","family":"IPv4","port":9299}],"tasks":[{"address":"127.0.0.1","family":"IPv4","port":9499}]},"metadata":{"message":"late-assigned ports for functions and eventarc emulators"}}
[warn] ⚠  functions: The following emulators are not running, calls to these services from the Functions emulator will affect production: apphosting, database, pubsub, storage, dataconnect {"metadata":{"emulator":{"name":"functions"},"message":"The following emulators are not running, calls to these services from the Functions emulator will affect production: \u001b[1mapphosting, database, pubsub, storage, dataconnect\u001b[22m"}}
[warn] ⚠  functions: Application Default Credentials detected. Non-emulated services will access production using these credentials. Be careful! {"metadata":{"emulator":{"name":"functions"},"message":"Application Default Credentials detected. Non-emulated services will access production using these credentials. Be careful!"}}
[debug] [2025-06-18T23:12:13.462Z] Checked if tokens are valid: true, expires at: 1750291921010
[debug] [2025-06-18T23:12:13.462Z] Checked if tokens are valid: true, expires at: 1750291921010
[debug] [2025-06-18T23:12:13.462Z] >>> [apiv2][query] GET https://firebase.googleapis.com/v1beta1/projects/gael-force-robotics-hf/adminSdkConfig [none]
[debug] [2025-06-18T23:12:13.925Z] <<< [apiv2][status] GET https://firebase.googleapis.com/v1beta1/projects/gael-force-robotics-hf/adminSdkConfig 200
[debug] [2025-06-18T23:12:13.925Z] <<< [apiv2][body] GET https://firebase.googleapis.com/v1beta1/projects/gael-force-robotics-hf/adminSdkConfig {"projectId":"gael-force-robotics-hf","storageBucket":"gael-force-robotics-hf.firebasestorage.app"}
[info] i  firestore: downloading cloud-firestore-emulator-v1.19.8.jar... {"metadata":{"emulator":{"name":"firestore"},"message":"downloading cloud-firestore-emulator-v1.19.8.jar..."}}
[debug] [2025-06-18T23:12:13.965Z] >>> [apiv2][query] GET https://storage.googleapis.com/firebase-preview-drop/emulator/cloud-firestore-emulator-v1.19.8.jar 
[debug] [2025-06-18T23:12:14.141Z] <<< [apiv2][status] GET https://storage.googleapis.com/firebase-preview-drop/emulator/cloud-firestore-emulator-v1.19.8.jar 200
[debug] [2025-06-18T23:12:14.142Z] <<< [apiv2][body] GET https://storage.googleapis.com/firebase-preview-drop/emulator/cloud-firestore-emulator-v1.19.8.jar [stream]
[debug] [2025-06-18T23:12:16.778Z] Ignoring unsupported arg: auto_download {"metadata":{"emulator":{"name":"firestore"},"message":"Ignoring unsupported arg: auto_download"}}
[debug] [2025-06-18T23:12:16.780Z] Ignoring unsupported arg: single_project_mode_error {"metadata":{"emulator":{"name":"firestore"},"message":"Ignoring unsupported arg: single_project_mode_error"}}
[debug] [2025-06-18T23:12:16.781Z] Starting Firestore Emulator with command {"binary":"java","args":["-Dgoogle.cloud_firestore.debug_log_level=FINE","-Duser.language=en","-jar","/Users/humanfriend22/.cache/firebase/emulators/cloud-firestore-emulator-v1.19.8.jar","--host","127.0.0.1","--port",8080,"--websocket_port",9150,"--project_id","gael-force-robotics-hf","--rules","/Users/humanfriend22/dev/gfr-website/firestore.rules","--single_project_mode",true,"--functions_emulator","127.0.0.1:5001"],"optionalArgs":["port","webchannel_port","host","rules","websocket_port","functions_emulator","seed_from_export","project_id","single_project_mode"],"joinArgs":false,"shell":false,"port":8080} {"metadata":{"emulator":{"name":"firestore"},"message":"Starting Firestore Emulator with command {\"binary\":\"java\",\"args\":[\"-Dgoogle.cloud_firestore.debug_log_level=FINE\",\"-Duser.language=en\",\"-jar\",\"/Users/humanfriend22/.cache/firebase/emulators/cloud-firestore-emulator-v1.19.8.jar\",\"--host\",\"127.0.0.1\",\"--port\",8080,\"--websocket_port\",9150,\"--project_id\",\"gael-force-robotics-hf\",\"--rules\",\"/Users/humanfriend22/dev/gfr-website/firestore.rules\",\"--single_project_mode\",true,\"--functions_emulator\",\"127.0.0.1:5001\"],\"optionalArgs\":[\"port\",\"webchannel_port\",\"host\",\"rules\",\"websocket_port\",\"functions_emulator\",\"seed_from_export\",\"project_id\",\"single_project_mode\"],\"joinArgs\":false,\"shell\":false,\"port\":8080}"}}
[info] i  firestore: Firestore Emulator logging to firestore-debug.log {"metadata":{"emulator":{"name":"firestore"},"message":"Firestore Emulator logging to \u001b[1mfirestore-debug.log\u001b[22m"}}
[debug] [2025-06-18T23:12:17.496Z] Jun 18, 2025 4:12:17 PM com.google.cloud.datastore.emulator.firestore.websocket.WebSocketServer start
INFO: Started WebSocket server on ws://127.0.0.1:9150
 {"metadata":{"emulator":{"name":"firestore"},"message":"Jun 18, 2025 4:12:17 PM com.google.cloud.datastore.emulator.firestore.websocket.WebSocketServer start\nINFO: Started WebSocket server on ws://127.0.0.1:9150\n"}}
[debug] [2025-06-18T23:12:17.506Z] API endpoint: http:// {"metadata":{"emulator":{"name":"firestore"},"message":"API endpoint: http://"}}
[debug] [2025-06-18T23:12:17.506Z] 127.0.0.1:8080
If you are using a library that supports the FIRESTORE_EMULATOR_HOST environment variable, run:

   export FIRESTORE_EMULATOR_HOST=127.0.0.1:8080

If you are running a Firestore in Datastore Mode project, run:

   export DATASTORE_EMULATOR_HOST=127.0.0.1:8080

Note: Support for Datastore Mode is in preview. If you encounter any bugs please file at https://github.com/firebase/firebase-tools/issues.
Dev App Server is now running.

 {"metadata":{"emulator":{"name":"firestore"},"message":"127.0.0.1:8080\nIf you are using a library that supports the FIRESTORE_EMULATOR_HOST environment variable, run:\n\n   export FIRESTORE_EMULATOR_HOST=127.0.0.1:8080\n\nIf you are running a Firestore in Datastore Mode project, run:\n\n   export DATASTORE_EMULATOR_HOST=127.0.0.1:8080\n\nNote: Support for Datastore Mode is in preview. If you encounter any bugs please file at https://github.com/firebase/firebase-tools/issues.\nDev App Server is now running.\n\n"}}
[info] ✔  firestore: Firestore Emulator UI websocket is running on 9150. {"metadata":{"emulator":{"name":"firestore"},"message":"Firestore Emulator UI websocket is running on 9150."}}
[debug] [2025-06-18T23:12:22.800Z] Checked if tokens are valid: true, expires at: 1750291921010
[debug] [2025-06-18T23:12:22.801Z] Checked if tokens are valid: true, expires at: 1750291921010
[debug] [2025-06-18T23:12:22.802Z] >>> [apiv2][query] GET https://firebasehosting.googleapis.com/v1beta1/projects/gael-force-robotics-hf/sites 
[debug] [2025-06-18T23:12:23.363Z] <<< [apiv2][status] GET https://firebasehosting.googleapis.com/v1beta1/projects/gael-force-robotics-hf/sites 200
[debug] [2025-06-18T23:12:23.363Z] <<< [apiv2][body] GET https://firebasehosting.googleapis.com/v1beta1/projects/gael-force-robotics-hf/sites {"sites":[{"name":"projects/gael-force-robotics-hf/sites/gael-force-robotics-hf","defaultUrl":"https://gael-force-robotics-hf.web.app","type":"DEFAULT_SITE"}]}
[debug] [2025-06-18T23:12:23.363Z] Checked if tokens are valid: true, expires at: 1750291921010
[debug] [2025-06-18T23:12:23.363Z] Checked if tokens are valid: true, expires at: 1750291921010
[debug] [2025-06-18T23:12:23.363Z] >>> [apiv2][query] GET https://firebase.googleapis.com/v1beta1/projects/gael-force-robotics-hf/webApps/-/config [none]
[debug] [2025-06-18T23:12:23.915Z] <<< [apiv2][status] GET https://firebase.googleapis.com/v1beta1/projects/gael-force-robotics-hf/webApps/-/config 200
[debug] [2025-06-18T23:12:23.915Z] <<< [apiv2][body] GET https://firebase.googleapis.com/v1beta1/projects/gael-force-robotics-hf/webApps/-/config {"projectId":"gael-force-robotics-hf","appId":"1:585677099356:web:f682381cb210a4abcff199","storageBucket":"gael-force-robotics-hf.firebasestorage.app","apiKey":"AIzaSyBn9nC-Tuavh3Rn_7bVaI4SWT66Qu1KpTs","authDomain":"gael-force-robotics-hf.firebaseapp.com","messagingSenderId":"585677099356"}
[debug] [2025-06-18T23:12:23.930Z] Checked if tokens are valid: true, expires at: 1750291921010
[debug] [2025-06-18T23:12:23.931Z] Checked if tokens are valid: true, expires at: 1750291921010
[debug] [2025-06-18T23:12:23.931Z] >>> [apiv2][query] GET https://firebase.googleapis.com/v1beta1/projects/gael-force-robotics-hf [none]
[debug] [2025-06-18T23:12:24.323Z] <<< [apiv2][status] GET https://firebase.googleapis.com/v1beta1/projects/gael-force-robotics-hf 200
[debug] [2025-06-18T23:12:24.324Z] <<< [apiv2][body] GET https://firebase.googleapis.com/v1beta1/projects/gael-force-robotics-hf {"projectId":"gael-force-robotics-hf","projectNumber":"585677099356","displayName":"Gael Force Robotics","name":"projects/gael-force-robotics-hf","resources":{"hostingSite":"gael-force-robotics-hf"},"state":"ACTIVE","etag":"1_da354cd2-be9f-4b0d-a99d-46b48142d768"}
[info] i  hosting[gael-force-robotics-hf]: Serving hosting files from: app/.output/public {"metadata":{"emulator":{"name":"hosting"},"message":"Serving hosting files from: \u001b[1mapp/.output/public\u001b[22m"}}
[info] ✔  hosting[gael-force-robotics-hf]: Local server: http://127.0.0.1:5002 {"metadata":{"emulator":{"name":"hosting"},"message":"Local server: \u001b[4m\u001b[1mhttp://127.0.0.1:5002\u001b[22m\u001b[24m"}}
[info] i  ui: downloading ui-v1.15.0.zip... {"metadata":{"emulator":{"name":"ui"},"message":"downloading ui-v1.15.0.zip..."}}
[debug] [2025-06-18T23:12:24.470Z] >>> [apiv2][query] GET https://storage.googleapis.com/firebase-preview-drop/emulator/ui-v1.15.0.zip 
[debug] [2025-06-18T23:12:24.543Z] <<< [apiv2][status] GET https://storage.googleapis.com/firebase-preview-drop/emulator/ui-v1.15.0.zip 200
[debug] [2025-06-18T23:12:24.543Z] <<< [apiv2][body] GET https://storage.googleapis.com/firebase-preview-drop/emulator/ui-v1.15.0.zip [stream]
[debug] [2025-06-18T23:12:24.824Z] Data is 3538469
[debug] [2025-06-18T23:12:24.825Z] [unzip] Entry: client/ (compressed_size=0 bytes, uncompressed_size=0 bytes)
[debug] [2025-06-18T23:12:24.825Z] [unzip] Processing entry: client/
[debug] [2025-06-18T23:12:24.825Z] [unzip] mkdir: /Users/humanfriend22/.cache/firebase/emulators/ui-v1.15.0/client/
[debug] [2025-06-18T23:12:24.827Z] [unzip] Entry: client/favicon-16x16.png (compressed_size=293 bytes, uncompressed_size=293 bytes)
[debug] [2025-06-18T23:12:24.827Z] [unzip] Processing entry: client/favicon-16x16.png
[debug] [2025-06-18T23:12:24.827Z] [unzip] else mkdir: /Users/humanfriend22/.cache/firebase/emulators/ui-v1.15.0/client
[debug] [2025-06-18T23:12:24.828Z] [unzip] Writing file: /Users/humanfriend22/.cache/firebase/emulators/ui-v1.15.0/client/favicon-16x16.png
[debug] [2025-06-18T23:12:24.829Z] [unzip] Entry: client/safari-pinned-tab.svg (compressed_size=1433 bytes, uncompressed_size=2611 bytes)
[debug] [2025-06-18T23:12:24.829Z] [unzip] Processing entry: client/safari-pinned-tab.svg
[debug] [2025-06-18T23:12:24.829Z] [unzip] else mkdir: /Users/humanfriend22/.cache/firebase/emulators/ui-v1.15.0/client
[debug] [2025-06-18T23:12:24.829Z] [unzip] deflating: /Users/humanfriend22/.cache/firebase/emulators/ui-v1.15.0/client/safari-pinned-tab.svg
[debug] [2025-06-18T23:12:24.833Z] [unzip] Entry: client/favicon.ico (compressed_size=2933 bytes, uncompressed_size=13294 bytes)
[debug] [2025-06-18T23:12:24.833Z] [unzip] Processing entry: client/favicon.ico
[debug] [2025-06-18T23:12:24.833Z] [unzip] else mkdir: /Users/humanfriend22/.cache/firebase/emulators/ui-v1.15.0/client
[debug] [2025-06-18T23:12:24.833Z] [unzip] deflating: /Users/humanfriend22/.cache/firebase/emulators/ui-v1.15.0/client/favicon.ico
[debug] [2025-06-18T23:12:24.836Z] [unzip] Entry: client/index.html (compressed_size=1364 bytes, uncompressed_size=3071 bytes)
[debug] [2025-06-18T23:12:24.836Z] [unzip] Processing entry: client/index.html
[debug] [2025-06-18T23:12:24.836Z] [unzip] else mkdir: /Users/humanfriend22/.cache/firebase/emulators/ui-v1.15.0/client
[debug] [2025-06-18T23:12:24.836Z] [unzip] deflating: /Users/humanfriend22/.cache/firebase/emulators/ui-v1.15.0/client/index.html
[debug] [2025-06-18T23:12:24.840Z] [unzip] Entry: client/android-chrome-192x192.png (compressed_size=2684 bytes, uncompressed_size=2684 bytes)
[debug] [2025-06-18T23:12:24.840Z] [unzip] Processing entry: client/android-chrome-192x192.png
[debug] [2025-06-18T23:12:24.840Z] [unzip] else mkdir: /Users/humanfriend22/.cache/firebase/emulators/ui-v1.15.0/client
[debug] [2025-06-18T23:12:24.840Z] [unzip] Writing file: /Users/humanfriend22/.cache/firebase/emulators/ui-v1.15.0/client/android-chrome-192x192.png
[debug] [2025-06-18T23:12:24.841Z] [unzip] Entry: client/apple-touch-icon.png (compressed_size=2123 bytes, uncompressed_size=2152 bytes)
[debug] [2025-06-18T23:12:24.841Z] [unzip] Processing entry: client/apple-touch-icon.png
[debug] [2025-06-18T23:12:24.841Z] [unzip] else mkdir: /Users/humanfriend22/.cache/firebase/emulators/ui-v1.15.0/client
[debug] [2025-06-18T23:12:24.841Z] [unzip] deflating: /Users/humanfriend22/.cache/firebase/emulators/ui-v1.15.0/client/apple-touch-icon.png
[debug] [2025-06-18T23:12:24.842Z] [unzip] Entry: client/android-chrome-512x512.png (compressed_size=5369 bytes, uncompressed_size=5411 bytes)
[debug] [2025-06-18T23:12:24.842Z] [unzip] Processing entry: client/android-chrome-512x512.png
[debug] [2025-06-18T23:12:24.842Z] [unzip] else mkdir: /Users/humanfriend22/.cache/firebase/emulators/ui-v1.15.0/client
[debug] [2025-06-18T23:12:24.842Z] [unzip] deflating: /Users/humanfriend22/.cache/firebase/emulators/ui-v1.15.0/client/android-chrome-512x512.png
[debug] [2025-06-18T23:12:24.843Z] [unzip] Entry: client/manifest.json (compressed_size=245 bytes, uncompressed_size=551 bytes)
[debug] [2025-06-18T23:12:24.843Z] [unzip] Processing entry: client/manifest.json
[debug] [2025-06-18T23:12:24.843Z] [unzip] else mkdir: /Users/humanfriend22/.cache/firebase/emulators/ui-v1.15.0/client
[debug] [2025-06-18T23:12:24.844Z] [unzip] deflating: /Users/humanfriend22/.cache/firebase/emulators/ui-v1.15.0/client/manifest.json
[debug] [2025-06-18T23:12:24.845Z] [unzip] Entry: client/robots.txt (compressed_size=26 bytes, uncompressed_size=26 bytes)
[debug] [2025-06-18T23:12:24.845Z] [unzip] Processing entry: client/robots.txt
[debug] [2025-06-18T23:12:24.845Z] [unzip] else mkdir: /Users/humanfriend22/.cache/firebase/emulators/ui-v1.15.0/client
[debug] [2025-06-18T23:12:24.845Z] [unzip] Writing file: /Users/humanfriend22/.cache/firebase/emulators/ui-v1.15.0/client/robots.txt
[debug] [2025-06-18T23:12:24.847Z] [unzip] Entry: client/mstile-150x150.png (compressed_size=2034 bytes, uncompressed_size=2034 bytes)
[debug] [2025-06-18T23:12:24.847Z] [unzip] Processing entry: client/mstile-150x150.png
[debug] [2025-06-18T23:12:24.848Z] [unzip] else mkdir: /Users/humanfriend22/.cache/firebase/emulators/ui-v1.15.0/client
[debug] [2025-06-18T23:12:24.848Z] [unzip] Writing file: /Users/humanfriend22/.cache/firebase/emulators/ui-v1.15.0/client/mstile-150x150.png
[debug] [2025-06-18T23:12:24.848Z] [unzip] Entry: client/assets/ (compressed_size=0 bytes, uncompressed_size=0 bytes)
[debug] [2025-06-18T23:12:24.848Z] [unzip] Processing entry: client/assets/
[debug] [2025-06-18T23:12:24.848Z] [unzip] mkdir: /Users/humanfriend22/.cache/firebase/emulators/ui-v1.15.0/client/assets/
[debug] [2025-06-18T23:12:24.849Z] [unzip] Entry: client/assets/index-BX-A56oj.js (compressed_size=582089 bytes, uncompressed_size=2092775 bytes)
[debug] [2025-06-18T23:12:24.849Z] [unzip] Processing entry: client/assets/index-BX-A56oj.js
[debug] [2025-06-18T23:12:24.849Z] [unzip] else mkdir: /Users/humanfriend22/.cache/firebase/emulators/ui-v1.15.0/client/assets
[debug] [2025-06-18T23:12:24.849Z] [unzip] deflating: /Users/humanfriend22/.cache/firebase/emulators/ui-v1.15.0/client/assets/index-BX-A56oj.js
[debug] [2025-06-18T23:12:24.859Z] [unzip] Entry: client/assets/index-CjB9C900.css (compressed_size=35979 bytes, uncompressed_size=298654 bytes)
[debug] [2025-06-18T23:12:24.859Z] [unzip] Processing entry: client/assets/index-CjB9C900.css
[debug] [2025-06-18T23:12:24.859Z] [unzip] else mkdir: /Users/humanfriend22/.cache/firebase/emulators/ui-v1.15.0/client/assets
[debug] [2025-06-18T23:12:24.859Z] [unzip] deflating: /Users/humanfriend22/.cache/firebase/emulators/ui-v1.15.0/client/assets/index-CjB9C900.css
[debug] [2025-06-18T23:12:24.862Z] [unzip] Entry: client/assets/index-BX-A56oj.js.map (compressed_size=2362482 bytes, uncompressed_size=10036679 bytes)
[debug] [2025-06-18T23:12:24.862Z] [unzip] Processing entry: client/assets/index-BX-A56oj.js.map
[debug] [2025-06-18T23:12:24.862Z] [unzip] else mkdir: /Users/humanfriend22/.cache/firebase/emulators/ui-v1.15.0/client/assets
[debug] [2025-06-18T23:12:24.862Z] [unzip] deflating: /Users/humanfriend22/.cache/firebase/emulators/ui-v1.15.0/client/assets/index-BX-A56oj.js.map
[debug] [2025-06-18T23:12:24.895Z] [unzip] Entry: client/assets/extensions/ (compressed_size=0 bytes, uncompressed_size=0 bytes)
[debug] [2025-06-18T23:12:24.895Z] [unzip] Processing entry: client/assets/extensions/
[debug] [2025-06-18T23:12:24.895Z] [unzip] mkdir: /Users/humanfriend22/.cache/firebase/emulators/ui-v1.15.0/client/assets/extensions/
[debug] [2025-06-18T23:12:24.895Z] [unzip] Entry: client/assets/extensions/default-extension.png (compressed_size=1646 bytes, uncompressed_size=1657 bytes)
[debug] [2025-06-18T23:12:24.895Z] [unzip] Processing entry: client/assets/extensions/default-extension.png
[debug] [2025-06-18T23:12:24.895Z] [unzip] else mkdir: /Users/humanfriend22/.cache/firebase/emulators/ui-v1.15.0/client/assets/extensions
[debug] [2025-06-18T23:12:24.895Z] [unzip] deflating: /Users/humanfriend22/.cache/firebase/emulators/ui-v1.15.0/client/assets/extensions/default-extension.png
[debug] [2025-06-18T23:12:24.897Z] [unzip] Entry: client/assets/img/ (compressed_size=0 bytes, uncompressed_size=0 bytes)
[debug] [2025-06-18T23:12:24.897Z] [unzip] Processing entry: client/assets/img/
[debug] [2025-06-18T23:12:24.897Z] [unzip] mkdir: /Users/humanfriend22/.cache/firebase/emulators/ui-v1.15.0/client/assets/img/
[debug] [2025-06-18T23:12:24.897Z] [unzip] Entry: client/assets/img/database.png (compressed_size=29449 bytes, uncompressed_size=29988 bytes)
[debug] [2025-06-18T23:12:24.897Z] [unzip] Processing entry: client/assets/img/database.png
[debug] [2025-06-18T23:12:24.897Z] [unzip] else mkdir: /Users/humanfriend22/.cache/firebase/emulators/ui-v1.15.0/client/assets/img
[debug] [2025-06-18T23:12:24.897Z] [unzip] deflating: /Users/humanfriend22/.cache/firebase/emulators/ui-v1.15.0/client/assets/img/database.png
[debug] [2025-06-18T23:12:24.899Z] [unzip] Entry: client/assets/provider-icons/ (compressed_size=0 bytes, uncompressed_size=0 bytes)
[debug] [2025-06-18T23:12:24.899Z] [unzip] Processing entry: client/assets/provider-icons/
[debug] [2025-06-18T23:12:24.900Z] [unzip] mkdir: /Users/humanfriend22/.cache/firebase/emulators/ui-v1.15.0/client/assets/provider-icons/
[debug] [2025-06-18T23:12:24.900Z] [unzip] Entry: client/assets/provider-icons/auth_service_saml.svg (compressed_size=575 bytes, uncompressed_size=1226 bytes)
[debug] [2025-06-18T23:12:24.900Z] [unzip] Processing entry: client/assets/provider-icons/auth_service_saml.svg
[debug] [2025-06-18T23:12:24.900Z] [unzip] else mkdir: /Users/humanfriend22/.cache/firebase/emulators/ui-v1.15.0/client/assets/provider-icons
[debug] [2025-06-18T23:12:24.900Z] [unzip] deflating: /Users/humanfriend22/.cache/firebase/emulators/ui-v1.15.0/client/assets/provider-icons/auth_service_saml.svg
[debug] [2025-06-18T23:12:24.902Z] [unzip] Entry: client/assets/provider-icons/auth_service_phone.svg (compressed_size=261 bytes, uncompressed_size=414 bytes)
[debug] [2025-06-18T23:12:24.902Z] [unzip] Processing entry: client/assets/provider-icons/auth_service_phone.svg
[debug] [2025-06-18T23:12:24.902Z] [unzip] else mkdir: /Users/humanfriend22/.cache/firebase/emulators/ui-v1.15.0/client/assets/provider-icons
[debug] [2025-06-18T23:12:24.902Z] [unzip] deflating: /Users/humanfriend22/.cache/firebase/emulators/ui-v1.15.0/client/assets/provider-icons/auth_service_phone.svg
[debug] [2025-06-18T23:12:24.904Z] [unzip] Entry: client/assets/provider-icons/auth_service_facebook.svg (compressed_size=289 bytes, uncompressed_size=457 bytes)
[debug] [2025-06-18T23:12:24.904Z] [unzip] Processing entry: client/assets/provider-icons/auth_service_facebook.svg
[debug] [2025-06-18T23:12:24.904Z] [unzip] else mkdir: /Users/humanfriend22/.cache/firebase/emulators/ui-v1.15.0/client/assets/provider-icons
[debug] [2025-06-18T23:12:24.904Z] [unzip] deflating: /Users/humanfriend22/.cache/firebase/emulators/ui-v1.15.0/client/assets/provider-icons/auth_service_facebook.svg
[debug] [2025-06-18T23:12:24.905Z] [unzip] Entry: client/assets/provider-icons/auth_service_game_center.svg (compressed_size=991 bytes, uncompressed_size=3921 bytes)
[debug] [2025-06-18T23:12:24.905Z] [unzip] Processing entry: client/assets/provider-icons/auth_service_game_center.svg
[debug] [2025-06-18T23:12:24.905Z] [unzip] else mkdir: /Users/humanfriend22/.cache/firebase/emulators/ui-v1.15.0/client/assets/provider-icons
[debug] [2025-06-18T23:12:24.905Z] [unzip] deflating: /Users/humanfriend22/.cache/firebase/emulators/ui-v1.15.0/client/assets/provider-icons/auth_service_game_center.svg
[debug] [2025-06-18T23:12:24.905Z] [unzip] Entry: client/assets/provider-icons/auth_service_apple.svg (compressed_size=230 bytes, uncompressed_size=334 bytes)
[debug] [2025-06-18T23:12:24.905Z] [unzip] Processing entry: client/assets/provider-icons/auth_service_apple.svg
[debug] [2025-06-18T23:12:24.905Z] [unzip] else mkdir: /Users/humanfriend22/.cache/firebase/emulators/ui-v1.15.0/client/assets/provider-icons
[debug] [2025-06-18T23:12:24.906Z] [unzip] deflating: /Users/humanfriend22/.cache/firebase/emulators/ui-v1.15.0/client/assets/provider-icons/auth_service_apple.svg
[debug] [2025-06-18T23:12:24.907Z] [unzip] Entry: client/assets/provider-icons/auth_service_github.svg (compressed_size=466 bytes, uncompressed_size=838 bytes)
[debug] [2025-06-18T23:12:24.907Z] [unzip] Processing entry: client/assets/provider-icons/auth_service_github.svg
[debug] [2025-06-18T23:12:24.907Z] [unzip] else mkdir: /Users/humanfriend22/.cache/firebase/emulators/ui-v1.15.0/client/assets/provider-icons
[debug] [2025-06-18T23:12:24.907Z] [unzip] deflating: /Users/humanfriend22/.cache/firebase/emulators/ui-v1.15.0/client/assets/provider-icons/auth_service_github.svg
[debug] [2025-06-18T23:12:24.907Z] [unzip] Entry: client/assets/provider-icons/auth_service_mslive.svg (compressed_size=203 bytes, uncompressed_size=378 bytes)
[debug] [2025-06-18T23:12:24.907Z] [unzip] Processing entry: client/assets/provider-icons/auth_service_mslive.svg
[debug] [2025-06-18T23:12:24.907Z] [unzip] else mkdir: /Users/humanfriend22/.cache/firebase/emulators/ui-v1.15.0/client/assets/provider-icons
[debug] [2025-06-18T23:12:24.907Z] [unzip] deflating: /Users/humanfriend22/.cache/firebase/emulators/ui-v1.15.0/client/assets/provider-icons/auth_service_mslive.svg
[debug] [2025-06-18T23:12:24.908Z] [unzip] Entry: client/assets/provider-icons/auth_service_yahoo.svg (compressed_size=577 bytes, uncompressed_size=1182 bytes)
[debug] [2025-06-18T23:12:24.908Z] [unzip] Processing entry: client/assets/provider-icons/auth_service_yahoo.svg
[debug] [2025-06-18T23:12:24.908Z] [unzip] else mkdir: /Users/humanfriend22/.cache/firebase/emulators/ui-v1.15.0/client/assets/provider-icons
[debug] [2025-06-18T23:12:24.908Z] [unzip] deflating: /Users/humanfriend22/.cache/firebase/emulators/ui-v1.15.0/client/assets/provider-icons/auth_service_yahoo.svg
[debug] [2025-06-18T23:12:24.908Z] [unzip] Entry: client/assets/provider-icons/auth_service_twitter.svg (compressed_size=444 bytes, uncompressed_size=751 bytes)
[debug] [2025-06-18T23:12:24.908Z] [unzip] Processing entry: client/assets/provider-icons/auth_service_twitter.svg
[debug] [2025-06-18T23:12:24.909Z] [unzip] else mkdir: /Users/humanfriend22/.cache/firebase/emulators/ui-v1.15.0/client/assets/provider-icons
[debug] [2025-06-18T23:12:24.909Z] [unzip] deflating: /Users/humanfriend22/.cache/firebase/emulators/ui-v1.15.0/client/assets/provider-icons/auth_service_twitter.svg
[debug] [2025-06-18T23:12:24.910Z] [unzip] Entry: client/assets/provider-icons/auth_service_play_games.svg (compressed_size=565 bytes, uncompressed_size=1173 bytes)
[debug] [2025-06-18T23:12:24.910Z] [unzip] Processing entry: client/assets/provider-icons/auth_service_play_games.svg
[debug] [2025-06-18T23:12:24.910Z] [unzip] else mkdir: /Users/humanfriend22/.cache/firebase/emulators/ui-v1.15.0/client/assets/provider-icons
[debug] [2025-06-18T23:12:24.910Z] [unzip] deflating: /Users/humanfriend22/.cache/firebase/emulators/ui-v1.15.0/client/assets/provider-icons/auth_service_play_games.svg
[debug] [2025-06-18T23:12:24.910Z] [unzip] Entry: client/assets/provider-icons/auth_service_email.svg (compressed_size=228 bytes, uncompressed_size=326 bytes)
[debug] [2025-06-18T23:12:24.910Z] [unzip] Processing entry: client/assets/provider-icons/auth_service_email.svg
[debug] [2025-06-18T23:12:24.910Z] [unzip] else mkdir: /Users/humanfriend22/.cache/firebase/emulators/ui-v1.15.0/client/assets/provider-icons
[debug] [2025-06-18T23:12:24.911Z] [unzip] deflating: /Users/humanfriend22/.cache/firebase/emulators/ui-v1.15.0/client/assets/provider-icons/auth_service_email.svg
[debug] [2025-06-18T23:12:24.911Z] [unzip] Entry: client/assets/provider-icons/auth_service_google.svg (compressed_size=409 bytes, uncompressed_size=720 bytes)
[debug] [2025-06-18T23:12:24.911Z] [unzip] Processing entry: client/assets/provider-icons/auth_service_google.svg
[debug] [2025-06-18T23:12:24.911Z] [unzip] else mkdir: /Users/humanfriend22/.cache/firebase/emulators/ui-v1.15.0/client/assets/provider-icons
[debug] [2025-06-18T23:12:24.911Z] [unzip] deflating: /Users/humanfriend22/.cache/firebase/emulators/ui-v1.15.0/client/assets/provider-icons/auth_service_google.svg
[debug] [2025-06-18T23:12:24.912Z] [unzip] Entry: client/assets/provider-icons/auth_service_oidc.svg (compressed_size=414 bytes, uncompressed_size=858 bytes)
[debug] [2025-06-18T23:12:24.912Z] [unzip] Processing entry: client/assets/provider-icons/auth_service_oidc.svg
[debug] [2025-06-18T23:12:24.912Z] [unzip] else mkdir: /Users/humanfriend22/.cache/firebase/emulators/ui-v1.15.0/client/assets/provider-icons
[debug] [2025-06-18T23:12:24.912Z] [unzip] deflating: /Users/humanfriend22/.cache/firebase/emulators/ui-v1.15.0/client/assets/provider-icons/auth_service_oidc.svg
[debug] [2025-06-18T23:12:24.913Z] [unzip] Entry: client/browserconfig.xml (compressed_size=491 bytes, uncompressed_size=822 bytes)
[debug] [2025-06-18T23:12:24.913Z] [unzip] Processing entry: client/browserconfig.xml
[debug] [2025-06-18T23:12:24.913Z] [unzip] else mkdir: /Users/humanfriend22/.cache/firebase/emulators/ui-v1.15.0/client
[debug] [2025-06-18T23:12:24.913Z] [unzip] deflating: /Users/humanfriend22/.cache/firebase/emulators/ui-v1.15.0/client/browserconfig.xml
[debug] [2025-06-18T23:12:24.913Z] [unzip] Entry: client/favicon-32x32.png (compressed_size=475 bytes, uncompressed_size=475 bytes)
[debug] [2025-06-18T23:12:24.914Z] [unzip] Processing entry: client/favicon-32x32.png
[debug] [2025-06-18T23:12:24.914Z] [unzip] else mkdir: /Users/humanfriend22/.cache/firebase/emulators/ui-v1.15.0/client
[debug] [2025-06-18T23:12:24.914Z] [unzip] Writing file: /Users/humanfriend22/.cache/firebase/emulators/ui-v1.15.0/client/favicon-32x32.png
[debug] [2025-06-18T23:12:24.914Z] [unzip] Entry: server/ (compressed_size=0 bytes, uncompressed_size=0 bytes)
[debug] [2025-06-18T23:12:24.914Z] [unzip] Processing entry: server/
[debug] [2025-06-18T23:12:24.914Z] [unzip] mkdir: /Users/humanfriend22/.cache/firebase/emulators/ui-v1.15.0/server/
[debug] [2025-06-18T23:12:24.914Z] [unzip] Entry: server/server.mjs.map (compressed_size=217845 bytes, uncompressed_size=944978 bytes)
[debug] [2025-06-18T23:12:24.914Z] [unzip] Processing entry: server/server.mjs.map
[debug] [2025-06-18T23:12:24.914Z] [unzip] else mkdir: /Users/humanfriend22/.cache/firebase/emulators/ui-v1.15.0/server
[debug] [2025-06-18T23:12:24.914Z] [unzip] deflating: /Users/humanfriend22/.cache/firebase/emulators/ui-v1.15.0/server/server.mjs.map
[debug] [2025-06-18T23:12:24.917Z] [unzip] Entry: server/server.mjs (compressed_size=276407 bytes, uncompressed_size=933701 bytes)
[debug] [2025-06-18T23:12:24.917Z] [unzip] Processing entry: server/server.mjs
[debug] [2025-06-18T23:12:24.917Z] [unzip] else mkdir: /Users/humanfriend22/.cache/firebase/emulators/ui-v1.15.0/server
[debug] [2025-06-18T23:12:24.917Z] [unzip] deflating: /Users/humanfriend22/.cache/firebase/emulators/ui-v1.15.0/server/server.mjs
[debug] [2025-06-18T23:12:24.923Z] [Extensions] Connecting Extensions emulator, this is a noop.
[info] i  functions: Watching "/Users/humanfriend22/dev/gfr-website/functions" for Cloud Functions... {"metadata":{"emulator":{"name":"functions"},"message":"Watching \"/Users/humanfriend22/dev/gfr-website/functions\" for Cloud Functions..."}}
[debug] [2025-06-18T23:12:24.933Z] Validating nodejs source
[debug] [2025-06-18T23:12:24.940Z] checkFunctionsSDKVersion was unable to fetch information from NPM Error: spawnSync npm Unknown system error -8
    at Object.spawnSync (node:internal/child_process:1123:20)
    at Object.spawnSync (node:child_process:877:24)
    at Object.spawnSync (pkg/prelude/bootstrap.js:2092:31)
    at Function.spawnSync [as sync] (/Users/humanfriend22/.cache/firebase/tools/lib/node_modules/cross-spawn/index.js:26:23)
    at Object.getLatestSDKVersion (/Users/humanfriend22/.cache/firebase/tools/lib/node_modules/firebase-tools/lib/deploy/functions/runtimes/node/versioning.js:54:25)
    at Object.checkFunctionsSDKVersion (/Users/humanfriend22/.cache/firebase/tools/lib/node_modules/firebase-tools/lib/deploy/functions/runtimes/node/versioning.js:74:32)
    at Delegate.validate (/Users/humanfriend22/.cache/firebase/tools/lib/node_modules/firebase-tools/lib/deploy/functions/runtimes/node/index.js:86:20)
    at FunctionsEmulator.discoverTriggers (/Users/humanfriend22/.cache/firebase/tools/lib/node_modules/firebase-tools/lib/emulator/functionsEmulator.js:313:35)
    at async FunctionsEmulator.loadTriggers (/Users/humanfriend22/.cache/firebase/tools/lib/node_modules/firebase-tools/lib/emulator/functionsEmulator.js:353:34)
    at async FunctionsEmulator.connect (/Users/humanfriend22/.cache/firebase/tools/lib/node_modules/firebase-tools/lib/emulator/functionsEmulator.js:279:13)
[debug] [2025-06-18T23:12:24.940Z] > [functions] package.json contents: {
  "name": "functions",
  "scripts": {
    "build": "tsc",
    "dev": "tsc --watch",
    "serve": "npm run build && firebase emulators:start --only functions",
    "shell": "npm run build && firebase functions:shell",
    "start": "npm run shell",
    "deploy": "firebase deploy --only functions",
    "logs": "firebase functions:log"
  },
  "engines": {
    "node": "22"
  },
  "main": "lib/index.js",
  "dependencies": {
    "firebase-admin": "^12.6.0",
    "firebase-functions": "^6.0.1"
  },
  "devDependencies": {
    "typescript": "^4.9.0",
    "firebase-functions-test": "^3.1.0"
  },
  "private": true
}
[debug] [2025-06-18T23:12:24.940Z] Building nodejs source
[debug] [2025-06-18T23:12:24.941Z] Failed to find version of module node: reached end of search path /Users/humanfriend22/dev/gfr-website/functions/node_modules
[warn] ⚠  functions: You've requested "node" version "22", but the standalone Firebase CLI comes with bundled Node "20". 
[info] ✔  functions: To use a different Node.js version, consider removing the standalone Firebase CLI and switching to "firebase-tools" on npm. 
[debug] [2025-06-18T23:12:24.945Z] Could not find functions.yaml. Must use http discovery
[debug] [2025-06-18T23:12:24.953Z] Found firebase-functions binary at '/Users/humanfriend22/dev/gfr-website/functions/node_modules/.bin/firebase-functions'
[info] Serving at port 8385

[debug] [2025-06-18T23:12:25.962Z] Got response from /__/functions.yaml {"endpoints":{"createUserDocument":{"platform":"gcfv1","availableMemoryMb":null,"timeoutSeconds":null,"minInstances":null,"maxInstances":null,"ingressSettings":null,"serviceAccountEmail":null,"vpc":null,"eventTrigger":{"eventType":"providers/firebase.auth/eventTypes/user.create","eventFilters":{"resource":"projects/gael-force-robotics-hf"},"retry":false},"labels":{},"entryPoint":"createUserDocument"}},"specVersion":"v1alpha1","requiredAPIs":[],"extensions":{}}
[warn] ⚠  functions: Application Default Credentials detected. Non-emulated services will access production using these credentials. Be careful! {"metadata":{"emulator":{"name":"functions"},"message":"Application Default Credentials detected. Non-emulated services will access production using these credentials. Be careful!"}}
[info] ✔  functions: Loaded functions definitions from source: createUserDocument. {"metadata":{"emulator":{"name":"functions"},"message":"Loaded functions definitions from source: createUserDocument."}}
[debug] [2025-06-18T23:12:30.028Z] addAuthTrigger {"eventTrigger":{"eventType":"providers/firebase.auth/eventTypes/user.create","resource":"projects/gael-force-robotics-hf"}}
[info] ✔  functions[us-central1-createUserDocument]: auth function initialized. {"metadata":{"emulator":{"name":"functions"},"message":"\u001b[1mauth\u001b[22m function initialized."}}
[debug] [2025-06-18T23:12:30.036Z] Could not find VSCode notification endpoint: FetchError: request to http://localhost:40001/vscode/notify failed, reason: . If you are not running the Firebase Data Connect VSCode extension, this is expected and not an issue.
[info] 
┌─────────────────────────────────────────────────────────────┐
│ ✔  All emulators ready! It is now safe to connect your app. │
│ i  View Emulator UI at http://127.0.0.1:4001/               │
└─────────────────────────────────────────────────────────────┘

┌────────────────┬────────────────┬──────────────────────────────────┐
│ Emulator       │ Host:Port      │ View in Emulator UI              │
├────────────────┼────────────────┼──────────────────────────────────┤
│ Authentication │ 127.0.0.1:9099 │ http://127.0.0.1:4001/auth       │
├────────────────┼────────────────┼──────────────────────────────────┤
│ Functions      │ 127.0.0.1:5001 │ http://127.0.0.1:4001/functions  │
├────────────────┼────────────────┼──────────────────────────────────┤
│ Firestore      │ 127.0.0.1:8080 │ http://127.0.0.1:4001/firestore  │
├────────────────┼────────────────┼──────────────────────────────────┤
│ Hosting        │ 127.0.0.1:5002 │ n/a                              │
├────────────────┼────────────────┼──────────────────────────────────┤
│ Extensions     │ 127.0.0.1:5001 │ http://127.0.0.1:4001/extensions │
└────────────────┴────────────────┴──────────────────────────────────┘
  Emulator Hub host: 127.0.0.1 port: 4400
  Other reserved ports: 4500, 9150
┌─────────────────────────┬───────────────┬─────────────────────┐
│ Extension Instance Name │ Extension Ref │ View in Emulator UI │
└─────────────────────────┴───────────────┴─────────────────────┘
Issues? Report them at https://github.com/firebase/firebase-tools/issues and attach the *-debug.log files.
 
[debug] [2025-06-18T23:26:34.840Z] Jun 18, 2025 4:26:34 PM io.gapi.emulators.netty.HttpVersionRoutingHandler channelRead
INFO: Detected non-HTTP/2 connection.
 {"metadata":{"emulator":{"name":"firestore"},"message":"Jun 18, 2025 4:26:34 PM io.gapi.emulators.netty.HttpVersionRoutingHandler channelRead\nINFO: Detected non-HTTP/2 connection.\n"}}
[debug] [2025-06-18T23:26:35.386Z] Jun 18, 2025 4:26:35 PM io.gapi.emulators.netty.HttpVersionRoutingHandler channelRead
INFO: Detected non-HTTP/2 connection.
 {"metadata":{"emulator":{"name":"firestore"},"message":"Jun 18, 2025 4:26:35 PM io.gapi.emulators.netty.HttpVersionRoutingHandler channelRead\nINFO: Detected non-HTTP/2 connection.\n"}}
[debug] [2025-06-18T23:26:35.398Z] Jun 18, 2025 4:26:35 PM io.gapi.emulators.netty.HttpVersionRoutingHandler channelRead
INFO: Detected non-HTTP/2 connection.
 {"metadata":{"emulator":{"name":"firestore"},"message":"Jun 18, 2025 4:26:35 PM io.gapi.emulators.netty.HttpVersionRoutingHandler channelRead\nINFO: Detected non-HTTP/2 connection.\n"}}
[debug] [2025-06-18T23:44:44.106Z] Jun 18, 2025 4:44:44 PM io.gapi.emulators.netty.HttpVersionRoutingHandler channelRead
INFO: Detected non-HTTP/2 connection.
 {"metadata":{"emulator":{"name":"firestore"},"message":"Jun 18, 2025 4:44:44 PM io.gapi.emulators.netty.HttpVersionRoutingHandler channelRead\nINFO: Detected non-HTTP/2 connection.\n"}}
[debug] [2025-06-18T23:44:44.124Z] Jun 18, 2025 4:44:44 PM io.gapi.emulators.netty.HttpVersionRoutingHandler channelRead
INFO: Detected non-HTTP/2 connection.
 {"metadata":{"emulator":{"name":"firestore"},"message":"Jun 18, 2025 4:44:44 PM io.gapi.emulators.netty.HttpVersionRoutingHandler channelRead\nINFO: Detected non-HTTP/2 connection.\n"}}
[debug] [2025-06-18T23:44:44.136Z] Jun 18, 2025 4:44:44 PM io.gapi.emulators.netty.HttpVersionRoutingHandler channelRead
INFO: Detected non-HTTP/2 connection.
 {"metadata":{"emulator":{"name":"firestore"},"message":"Jun 18, 2025 4:44:44 PM io.gapi.emulators.netty.HttpVersionRoutingHandler channelRead\nINFO: Detected non-HTTP/2 connection.\n"}}
[debug] [2025-06-18T23:44:46.631Z] Jun 18, 2025 4:44:46 PM io.gapi.emulators.netty.HttpVersionRoutingHandler channelRead
INFO: Detected non-HTTP/2 connection.
 {"metadata":{"emulator":{"name":"firestore"},"message":"Jun 18, 2025 4:44:46 PM io.gapi.emulators.netty.HttpVersionRoutingHandler channelRead\nINFO: Detected non-HTTP/2 connection.\n"}}
[debug] [2025-06-18T23:44:46.650Z] Jun 18, 2025 4:44:46 PM io.gapi.emulators.netty.HttpVersionRoutingHandler channelRead
INFO: Detected non-HTTP/2 connection.
 {"metadata":{"emulator":{"name":"firestore"},"message":"Jun 18, 2025 4:44:46 PM io.gapi.emulators.netty.HttpVersionRoutingHandler channelRead\nINFO: Detected non-HTTP/2 connection.\n"}}
[debug] [2025-06-18T23:44:46.660Z] Jun 18, 2025 4:44:46 PM io.gapi.emulators.netty.HttpVersionRoutingHandler channelRead
INFO: Detected non-HTTP/2 connection.
 {"metadata":{"emulator":{"name":"firestore"},"message":"Jun 18, 2025 4:44:46 PM io.gapi.emulators.netty.HttpVersionRoutingHandler channelRead\nINFO: Detected non-HTTP/2 connection.\n"}}
[debug] [2025-06-19T00:42:54.338Z] Jun 18, 2025 5:42:54 PM io.gapi.emulators.netty.HttpVersionRoutingHandler channelRead
INFO: Detected non-HTTP/2 connection.
 {"metadata":{"emulator":{"name":"firestore"},"message":"Jun 18, 2025 5:42:54 PM io.gapi.emulators.netty.HttpVersionRoutingHandler channelRead\nINFO: Detected non-HTTP/2 connection.\n"}}
[debug] [2025-06-19T00:42:54.357Z] Jun 18, 2025 5:42:54 PM io.gapi.emulators.netty.HttpVersionRoutingHandler channelRead
INFO: Detected non-HTTP/2 connection.
 {"metadata":{"emulator":{"name":"firestore"},"message":"Jun 18, 2025 5:42:54 PM io.gapi.emulators.netty.HttpVersionRoutingHandler channelRead\nINFO: Detected non-HTTP/2 connection.\n"}}
[debug] [2025-06-19T00:42:54.376Z] Jun 18, 2025 5:42:54 PM io.gapi.emulators.netty.HttpVersionRoutingHandler channelRead
INFO: Detected non-HTTP/2 connection.
 {"metadata":{"emulator":{"name":"firestore"},"message":"Jun 18, 2025 5:42:54 PM io.gapi.emulators.netty.HttpVersionRoutingHandler channelRead\nINFO: Detected non-HTTP/2 connection.\n"}}
[debug] [2025-06-19T00:42:55.528Z] Jun 18, 2025 5:42:55 PM io.gapi.emulators.netty.HttpVersionRoutingHandler channelRead
INFO: Detected non-HTTP/2 connection.
 {"metadata":{"emulator":{"name":"firestore"},"message":"Jun 18, 2025 5:42:55 PM io.gapi.emulators.netty.HttpVersionRoutingHandler channelRead\nINFO: Detected non-HTTP/2 connection.\n"}}
[debug] [2025-06-19T00:42:55.553Z] Jun 18, 2025 5:42:55 PM io.gapi.emulators.netty.HttpVersionRoutingHandler channelRead
INFO: Detected non-HTTP/2 connection.
 {"metadata":{"emulator":{"name":"firestore"},"message":"Jun 18, 2025 5:42:55 PM io.gapi.emulators.netty.HttpVersionRoutingHandler channelRead\nINFO: Detected non-HTTP/2 connection.\n"}}
[debug] [2025-06-19T00:42:55.559Z] Jun 18, 2025 5:42:55 PM io.gapi.emulators.netty.HttpVersionRoutingHandler channelRead
INFO: Detected non-HTTP/2 connection.
 {"metadata":{"emulator":{"name":"firestore"},"message":"Jun 18, 2025 5:42:55 PM io.gapi.emulators.netty.HttpVersionRoutingHandler channelRead\nINFO: Detected non-HTTP/2 connection.\n"}}
